<?xml version="1.0" encoding="UTF-8"?>
<coverage generated="1669147364353" clover="3.2.0">
  <project timestamp="1669147364353" name="All files">
    <metrics statements="6" coveredstatements="6" conditionals="0" coveredconditionals="0" methods="2" coveredmethods="2" elements="8" coveredelements="8" complexity="0" loc="6" ncloc="6" packages="1" files="1" classes="1"/>
    <file name="view.js" path="/Users/Robin/projects/JS-learn/week2/javascript-web-applications/resources/example-2/view.js">
      <metrics statements="6" coveredstatements="6" conditionals="0" coveredconditionals="0" methods="2" coveredmethods="2"/>
      <line num="3" count="3" type="stmt"/>
      <line num="4" count="3" type="stmt"/>
      <line num="7" count="1" type="stmt"/>
      <line num="8" count="1" type="stmt"/>
      <line num="9" count="1" type="stmt"/>
      <line num="13" count="1" type="stmt"/>
    </file>
  </project>
</coverage>
